<?xml version="1.0" encoding="UTF-8"?>
<testsuite name="UserControllerTest" tests="1" skipped="0" failures="0" errors="0" timestamp="2024-08-09T16:22:08" hostname="LAPTOP-1277TSL3" time="2.215">
  <properties/>
  <testcase name="testGetInvestmentsByUser_UserDoesNotExist_ReturnsNotFound()" classname="UserControllerTest" time="2.215"/>
  <system-out><![CDATA[]]></system-out>
  <system-err><![CDATA[]]></system-err>
</testsuite>
